<?xml version="1.0" encoding="UTF-8"?>
<!-- Generated by org.testng.reporters.JUnitReportReporter -->
<testsuite hostname="MAA2-LTB20HHR2" name="com.qa.testcases.Test1" tests="3" failures="0" timestamp="5 Feb 2021 19:00:46 GMT" time="1.385" errors="0">
  <testcase name="sub" time="0.001" classname="com.qa.testcases.Test1"/>
  <testcase name="readExcel" time="1.371" classname="com.qa.testcases.Test1"/>
  <testcase name="add" time="0.013" classname="com.qa.testcases.Test1"/>
</testsuite> <!-- com.qa.testcases.Test1 -->
