<?xml version="1.0" encoding="UTF-8"?>
<!-- Generated by org.testng.reporters.JUnitReportReporter -->
<testsuite hostname="MAA2-LTB20HHR2" name="com.qa.testdata.TestDatafromExcel" tests="1" failures="0" timestamp="5 Feb 2021 18:27:15 GMT" time="1.117" errors="0">
  <testcase name="readExcel" time="1.117" classname="com.qa.testdata.TestDatafromExcel"/>
</testsuite> <!-- com.qa.testdata.TestDatafromExcel -->
